<?xml version="1.0" encoding="UTF-8"?>
<testng-results ignored="0" total="1" passed="1" failed="0" skipped="0">
  <reporter-output>
  </reporter-output>
  <suite started-at="2022-12-13T13:20:14 IST" name="Default suite" finished-at="2022-12-13T13:20:37 IST" duration-ms="23321">
    <groups>
    </groups>
    <test started-at="2022-12-13T13:20:14 IST" name="Default test" finished-at="2022-12-13T13:20:37 IST" duration-ms="23321">
      <class name="TestCasesLogin.TestcasesforNewCustomer">
        <test-method is-config="true" signature="Alpha()[pri:0, instance:TestCasesLogin.TestcasesforNewCustomer@123ef382]" started-at="2022-12-13T13:20:14 IST" name="Alpha" finished-at="2022-12-13T13:20:22 IST" duration-ms="8707" status="PASS">
          <reporter-output>
          </reporter-output>
        </test-method> <!-- Alpha -->
        <test-method signature="customer()[pri:0, instance:TestCasesLogin.TestcasesforNewCustomer@123ef382]" started-at="2022-12-13T13:20:22 IST" name="customer" finished-at="2022-12-13T13:20:37 IST" duration-ms="14567" status="PASS">
          <reporter-output>
          </reporter-output>
        </test-method> <!-- customer -->
      </class> <!-- TestCasesLogin.TestcasesforNewCustomer -->
    </test> <!-- Default test -->
  </suite> <!-- Default suite -->
</testng-results>
